c:\users\admin\desktop\cuda\2\cuda-quicksort_v1.61\debug_win\x64\proj\vc142.pdb
c:\users\admin\desktop\cuda\2\cuda-quicksort_v1.61\debug_win\x64\proj\vc142.idb
c:\users\admin\desktop\cuda\2\cuda-quicksort_v1.61\debug_win\x64\proj\main.obj
c:\users\admin\desktop\cuda\2\cuda-quicksort_v1.61\debug_win\x64\proj\fpgquicksort.cu.obj
c:\users\admin\desktop\cuda\2\cuda-quicksort_v1.61\debug_win\x64\proj\scan.cu.obj
c:\users\admin\desktop\cuda\2\cuda-quicksort_v1.61\debug_win\x64\proj\testsorter.cu.obj
c:\users\admin\desktop\cuda\2\cuda-quicksort_v1.61\debug_win\x64\proj\cuda-quicksort.ilk
c:\users\admin\desktop\cuda\2\cuda-quicksort_v1.61\debug_win\x64\cuda-quicksort.exe
c:\users\admin\desktop\cuda\2\cuda-quicksort_v1.61\debug_win\x64\cuda-quicksort.pdb
c:\users\admin\desktop\cuda\2\cuda-quicksort_v1.61\debug_win\x64\proj\fpgquicksort.cu.cache
c:\users\admin\desktop\cuda\2\cuda-quicksort_v1.61\debug_win\x64\proj\scan.cu.cache
c:\users\admin\desktop\cuda\2\cuda-quicksort_v1.61\debug_win\x64\proj\testsorter.cu.cache
c:\users\admin\desktop\cuda\2\cuda-quicksort_v1.61\debug_win\x64\proj\cuda-quicksort.tlog\cl.command.1.tlog
c:\users\admin\desktop\cuda\2\cuda-quicksort_v1.61\debug_win\x64\proj\cuda-quicksort.tlog\cl.read.1.tlog
c:\users\admin\desktop\cuda\2\cuda-quicksort_v1.61\debug_win\x64\proj\cuda-quicksort.tlog\cl.write.1.tlog
c:\users\admin\desktop\cuda\2\cuda-quicksort_v1.61\debug_win\x64\proj\cuda-quicksort.tlog\cudacompile.read.1u.tlog
c:\users\admin\desktop\cuda\2\cuda-quicksort_v1.61\debug_win\x64\proj\cuda-quicksort.tlog\cudacompile.write.1u.tlog
c:\users\admin\desktop\cuda\2\cuda-quicksort_v1.61\debug_win\x64\proj\cuda-quicksort.tlog\link.command.1.tlog
c:\users\admin\desktop\cuda\2\cuda-quicksort_v1.61\debug_win\x64\proj\cuda-quicksort.tlog\link.read.1.tlog
c:\users\admin\desktop\cuda\2\cuda-quicksort_v1.61\debug_win\x64\proj\cuda-quicksort.tlog\link.write.1.tlog
